# JRE version: OpenJDK Runtime Environment (8.0_332-b08) (build 1.8.0_332-b08)
# Java VM: OpenJDK 64-Bit Server VM (25.332-b08 mixed mode windows-amd64 compressed oops)
Heap:
 PSYoungGen      total 74752K, used 11642K [0x000000076cb80000, 0x0000000773d80000, 0x00000007c0000000)
  eden space 64512K, 18% used [0x000000076cb80000,0x000000076d6de8d0,0x0000000770a80000)
  from space 10240K, 0% used [0x0000000773380000,0x0000000773380000,0x0000000773d80000)
  to   space 10240K, 0% used [0x0000000770a80000,0x0000000770a80000,0x0000000771480000)
 ParOldGen       total 122368K, used 31659K [0x00000006c6200000, 0x00000006cd980000, 0x000000076cb80000)
  object space 122368K, 25% used [0x00000006c6200000,0x00000006c80eae08,0x00000006cd980000)
 Metaspace       used 36197K, capacity 36853K, committed 37248K, reserved 1081344K
  class space    used 4674K, capacity 4904K, committed 4992K, reserved 1048576K
GC Heap History (10 events):
Event: 1.786 GC heap before
{Heap before GC invocations=2 (full 0):
 PSYoungGen      total 74752K, used 41168K [0x000000076cb80000, 0x0000000771e80000, 0x00000007c0000000)
  eden space 64512K, 47% used [0x000000076cb80000,0x000000076e9b96d8,0x0000000770a80000)
  from space 10240K, 99% used [0x0000000770a80000,0x000000077147a980,0x0000000771480000)
  to   space 10240K, 0% used [0x0000000771480000,0x0000000771480000,0x0000000771e80000)
 ParOldGen       total 171008K, used 4445K [0x00000006c6200000, 0x00000006d0900000, 0x000000076cb80000)
  object space 171008K, 2% used [0x00000006c6200000,0x00000006c6657668,0x00000006d0900000)
 Metaspace       used 20615K, capacity 21048K, committed 21296K, reserved 1069056K
  class space    used 2443K, capacity 2583K, committed 2688K, reserved 1048576K
Event: 1.799 GC heap after
Heap after GC invocations=2 (full 0):
 PSYoungGen      total 74752K, used 10230K [0x000000076cb80000, 0x0000000771e80000, 0x00000007c0000000)
  eden space 64512K, 0% used [0x000000076cb80000,0x000000076cb80000,0x0000000770a80000)
  from space 10240K, 99% used [0x0000000771480000,0x0000000771e7d850,0x0000000771e80000)
  to   space 10240K, 0% used [0x0000000770a80000,0x0000000770a80000,0x0000000771480000)
 ParOldGen       total 171008K, used 11955K [0x00000006c6200000, 0x00000006d0900000, 0x000000076cb80000)
  object space 171008K, 6% used [0x00000006c6200000,0x00000006c6dacf30,0x00000006d0900000)
 Metaspace       used 20615K, capacity 21048K, committed 21296K, reserved 1069056K
  class space    used 2443K, capacity 2583K, committed 2688K, reserved 1048576K
}
Event: 1.799 GC heap before
{Heap before GC invocations=3 (full 1):
 PSYoungGen      total 74752K, used 10230K [0x000000076cb80000, 0x0000000771e80000, 0x00000007c0000000)
  eden space 64512K, 0% used [0x000000076cb80000,0x000000076cb80000,0x0000000770a80000)
  from space 10240K, 99% used [0x0000000771480000,0x0000000771e7d850,0x0000000771e80000)
  to   space 10240K, 0% used [0x0000000770a80000,0x0000000770a80000,0x0000000771480000)
 ParOldGen       total 171008K, used 11955K [0x00000006c6200000, 0x00000006d0900000, 0x000000076cb80000)
  object space 171008K, 6% used [0x00000006c6200000,0x00000006c6dacf30,0x00000006d0900000)
 Metaspace       used 20615K, capacity 21048K, committed 21296K, reserved 1069056K
  class space    used 2443K, capacity 2583K, committed 2688K, reserved 1048576K
Event: 1.847 GC heap after
Heap after GC invocations=3 (full 1):
 PSYoungGen      total 74752K, used 0K [0x000000076cb80000, 0x0000000771e80000, 0x00000007c0000000)
  eden space 64512K, 0% used [0x000000076cb80000,0x000000076cb80000,0x0000000770a80000)
  from space 10240K, 0% used [0x0000000771480000,0x0000000771480000,0x0000000771e80000)
  to   space 10240K, 0% used [0x0000000770a80000,0x0000000770a80000,0x0000000771480000)
 ParOldGen       total 122368K, used 17531K [0x00000006c6200000, 0x00000006cd980000, 0x000000076cb80000)
  object space 122368K, 14% used [0x00000006c6200000,0x00000006c731efb8,0x00000006cd980000)
 Metaspace       used 20615K, capacity 21048K, committed 21296K, reserved 1069056K
  class space    used 2443K, capacity 2583K, committed 2688K, reserved 1048576K
}
Event: 2.820 GC heap before
{Heap before GC invocations=4 (full 1):
 PSYoungGen      total 74752K, used 64512K [0x000000076cb80000, 0x0000000771e80000, 0x00000007c0000000)
  eden space 64512K, 100% used [0x000000076cb80000,0x0000000770a80000,0x0000000770a80000)
  from space 10240K, 0% used [0x0000000771480000,0x0000000771480000,0x0000000771e80000)
  to   space 10240K, 0% used [0x0000000770a80000,0x0000000770a80000,0x0000000771480000)
 ParOldGen       total 122368K, used 17531K [0x00000006c6200000, 0x00000006cd980000, 0x000000076cb80000)
  object space 122368K, 14% used [0x00000006c6200000,0x00000006c731efb8,0x00000006cd980000)
 Metaspace       used 26310K, capacity 26885K, committed 27264K, reserved 1073152K
  class space    used 3449K, capacity 3644K, committed 3712K, reserved 1048576K
Event: 2.842 GC heap after
Heap after GC invocations=4 (full 1):
 PSYoungGen      total 74752K, used 10238K [0x000000076cb80000, 0x0000000773d80000, 0x00000007c0000000)
  eden space 64512K, 0% used [0x000000076cb80000,0x000000076cb80000,0x0000000770a80000)
  from space 10240K, 99% used [0x0000000770a80000,0x000000077147fa30,0x0000000771480000)
  to   space 10240K, 0% used [0x0000000773380000,0x0000000773380000,0x0000000773d80000)
 ParOldGen       total 122368K, used 20864K [0x00000006c6200000, 0x00000006cd980000, 0x000000076cb80000)
  object space 122368K, 17% used [0x00000006c6200000,0x00000006c7660118,0x00000006cd980000)
 Metaspace       used 26310K, capacity 26885K, committed 27264K, reserved 1073152K
  class space    used 3449K, capacity 3644K, committed 3712K, reserved 1048576K
}
Event: 3.813 GC heap before
{Heap before GC invocations=5 (full 1):
 PSYoungGen      total 74752K, used 63908K [0x000000076cb80000, 0x0000000773d80000, 0x00000007c0000000)
  eden space 64512K, 83% used [0x000000076cb80000,0x000000076ffe9860,0x0000000770a80000)
  from space 10240K, 99% used [0x0000000770a80000,0x000000077147fa30,0x0000000771480000)
  to   space 10240K, 0% used [0x0000000773380000,0x0000000773380000,0x0000000773d80000)
 ParOldGen       total 122368K, used 20864K [0x00000006c6200000, 0x00000006cd980000, 0x000000076cb80000)
  object space 122368K, 17% used [0x00000006c6200000,0x00000006c7660118,0x00000006cd980000)
 Metaspace       used 34593K, capacity 35207K, committed 35496K, reserved 1079296K
  class space    used 4521K, capacity 4741K, committed 4864K, reserved 1048576K
Event: 3.841 GC heap after
Heap after GC invocations=5 (full 1):
 PSYoungGen      total 74752K, used 10209K [0x000000076cb80000, 0x0000000773d80000, 0x00000007c0000000)
  eden space 64512K, 0% used [0x000000076cb80000,0x000000076cb80000,0x0000000770a80000)
  from space 10240K, 99% used [0x0000000773380000,0x0000000773d78600,0x0000000773d80000)
  to   space 10240K, 0% used [0x0000000770a80000,0x0000000770a80000,0x0000000771480000)
 ParOldGen       total 122368K, used 33595K [0x00000006c6200000, 0x00000006cd980000, 0x000000076cb80000)
  object space 122368K, 27% used [0x00000006c6200000,0x00000006c82cec18,0x00000006cd980000)
 Metaspace       used 34593K, capacity 35207K, committed 35496K, reserved 1079296K
  class space    used 4521K, capacity 4741K, committed 4864K, reserved 1048576K
}
Event: 3.841 GC heap before
{Heap before GC invocations=6 (full 2):
 PSYoungGen      total 74752K, used 10209K [0x000000076cb80000, 0x0000000773d80000, 0x00000007c0000000)
  eden space 64512K, 0% used [0x000000076cb80000,0x000000076cb80000,0x0000000770a80000)
  from space 10240K, 99% used [0x0000000773380000,0x0000000773d78600,0x0000000773d80000)
  to   space 10240K, 0% used [0x0000000770a80000,0x0000000770a80000,0x0000000771480000)
 ParOldGen       total 122368K, used 33595K [0x00000006c6200000, 0x00000006cd980000, 0x000000076cb80000)
  object space 122368K, 27% used [0x00000006c6200000,0x00000006c82cec18,0x00000006cd980000)
 Metaspace       used 34593K, capacity 35207K, committed 35496K, reserved 1079296K
  class space    used 4521K, capacity 4741K, committed 4864K, reserved 1048576K
Event: 4.023 GC heap after
Heap after GC invocations=6 (full 2):
 PSYoungGen      total 74752K, used 0K [0x000000076cb80000, 0x0000000773d80000, 0x00000007c0000000)
  eden space 64512K, 0% used [0x000000076cb80000,0x000000076cb80000,0x0000000770a80000)
  from space 10240K, 0% used [0x0000000773380000,0x0000000773380000,0x0000000773d80000)
  to   space 10240K, 0% used [0x0000000770a80000,0x0000000770a80000,0x0000000771480000)
 ParOldGen       total 122368K, used 31659K [0x00000006c6200000, 0x00000006cd980000, 0x000000076cb80000)
  object space 122368K, 25% used [0x00000006c6200000,0x00000006c80eae08,0x00000006cd980000)
 Metaspace       used 34593K, capacity 35207K, committed 35496K, reserved 1079296K
  class space    used 4521K, capacity 4741K, committed 4864K, reserved 1048576K
}

