# JRE version: OpenJDK Runtime Environment (8.0_332-b08) (build 1.8.0_332-b08)
# Java VM: OpenJDK 64-Bit Server VM (25.332-b08 mixed mode windows-amd64 compressed oops)
Heap:
 PSYoungGen      total 74752K, used 42877K [0x000000076cb80000, 0x0000000771e80000, 0x00000007c0000000)
  eden space 64512K, 66% used [0x000000076cb80000,0x000000076f55f538,0x0000000770a80000)
  from space 10240K, 0% used [0x0000000771480000,0x0000000771480000,0x0000000771e80000)
  to   space 10240K, 0% used [0x0000000770a80000,0x0000000770a80000,0x0000000771480000)
 ParOldGen       total 126464K, used 17535K [0x00000006c6200000, 0x00000006cdd80000, 0x000000076cb80000)
  object space 126464K, 13% used [0x00000006c6200000,0x00000006c731fd10,0x00000006cdd80000)
 Metaspace       used 26214K, capacity 26824K, committed 27008K, reserved 1073152K
  class space    used 3449K, capacity 3644K, committed 3712K, reserved 1048576K
GC Heap History (6 events):
Event: 1.349 GC heap before
{Heap before GC invocations=1 (full 0):
 PSYoungGen      total 74752K, used 64512K [0x000000076cb80000, 0x0000000771e80000, 0x00000007c0000000)
  eden space 64512K, 100% used [0x000000076cb80000,0x0000000770a80000,0x0000000770a80000)
  from space 10240K, 0% used [0x0000000771480000,0x0000000771480000,0x0000000771e80000)
  to   space 10240K, 0% used [0x0000000770a80000,0x0000000770a80000,0x0000000771480000)
 ParOldGen       total 171008K, used 0K [0x00000006c6200000, 0x00000006d0900000, 0x000000076cb80000)
  object space 171008K, 0% used [0x00000006c6200000,0x00000006c6200000,0x00000006d0900000)
 Metaspace       used 15098K, capacity 15366K, committed 15744K, reserved 1062912K
  class space    used 1737K, capacity 1821K, committed 1920K, reserved 1048576K
Event: 1.365 GC heap after
Heap after GC invocations=1 (full 0):
 PSYoungGen      total 74752K, used 10215K [0x000000076cb80000, 0x0000000771e80000, 0x00000007c0000000)
  eden space 64512K, 0% used [0x000000076cb80000,0x000000076cb80000,0x0000000770a80000)
  from space 10240K, 99% used [0x0000000770a80000,0x0000000771479f18,0x0000000771480000)
  to   space 10240K, 0% used [0x0000000771480000,0x0000000771480000,0x0000000771e80000)
 ParOldGen       total 171008K, used 4422K [0x00000006c6200000, 0x00000006d0900000, 0x000000076cb80000)
  object space 171008K, 2% used [0x00000006c6200000,0x00000006c6651aa8,0x00000006d0900000)
 Metaspace       used 15098K, capacity 15366K, committed 15744K, reserved 1062912K
  class space    used 1737K, capacity 1821K, committed 1920K, reserved 1048576K
}
Event: 1.907 GC heap before
{Heap before GC invocations=2 (full 0):
 PSYoungGen      total 74752K, used 41991K [0x000000076cb80000, 0x0000000771e80000, 0x00000007c0000000)
  eden space 64512K, 49% used [0x000000076cb80000,0x000000076ea88040,0x0000000770a80000)
  from space 10240K, 99% used [0x0000000770a80000,0x0000000771479f18,0x0000000771480000)
  to   space 10240K, 0% used [0x0000000771480000,0x0000000771480000,0x0000000771e80000)
 ParOldGen       total 171008K, used 4422K [0x00000006c6200000, 0x00000006d0900000, 0x000000076cb80000)
  object space 171008K, 2% used [0x00000006c6200000,0x00000006c6651aa8,0x00000006d0900000)
 Metaspace       used 20632K, capacity 21056K, committed 21296K, reserved 1069056K
  class space    used 2443K, capacity 2583K, committed 2688K, reserved 1048576K
Event: 1.922 GC heap after
Heap after GC invocations=2 (full 0):
 PSYoungGen      total 74752K, used 10219K [0x000000076cb80000, 0x0000000771e80000, 0x00000007c0000000)
  eden space 64512K, 0% used [0x000000076cb80000,0x000000076cb80000,0x0000000770a80000)
  from space 10240K, 99% used [0x0000000771480000,0x0000000771e7aeb0,0x0000000771e80000)
  to   space 10240K, 0% used [0x0000000770a80000,0x0000000770a80000,0x0000000771480000)
 ParOldGen       total 171008K, used 11950K [0x00000006c6200000, 0x00000006d0900000, 0x000000076cb80000)
  object space 171008K, 6% used [0x00000006c6200000,0x00000006c6daba78,0x00000006d0900000)
 Metaspace       used 20632K, capacity 21056K, committed 21296K, reserved 1069056K
  class space    used 2443K, capacity 2583K, committed 2688K, reserved 1048576K
}
Event: 1.922 GC heap before
{Heap before GC invocations=3 (full 1):
 PSYoungGen      total 74752K, used 10219K [0x000000076cb80000, 0x0000000771e80000, 0x00000007c0000000)
  eden space 64512K, 0% used [0x000000076cb80000,0x000000076cb80000,0x0000000770a80000)
  from space 10240K, 99% used [0x0000000771480000,0x0000000771e7aeb0,0x0000000771e80000)
  to   space 10240K, 0% used [0x0000000770a80000,0x0000000770a80000,0x0000000771480000)
 ParOldGen       total 171008K, used 11950K [0x00000006c6200000, 0x00000006d0900000, 0x000000076cb80000)
  object space 171008K, 6% used [0x00000006c6200000,0x00000006c6daba78,0x00000006d0900000)
 Metaspace       used 20632K, capacity 21056K, committed 21296K, reserved 1069056K
  class space    used 2443K, capacity 2583K, committed 2688K, reserved 1048576K
Event: 1.971 GC heap after
Heap after GC invocations=3 (full 1):
 PSYoungGen      total 74752K, used 0K [0x000000076cb80000, 0x0000000771e80000, 0x00000007c0000000)
  eden space 64512K, 0% used [0x000000076cb80000,0x000000076cb80000,0x0000000770a80000)
  from space 10240K, 0% used [0x0000000771480000,0x0000000771480000,0x0000000771e80000)
  to   space 10240K, 0% used [0x0000000770a80000,0x0000000770a80000,0x0000000771480000)
 ParOldGen       total 126464K, used 17535K [0x00000006c6200000, 0x00000006cdd80000, 0x000000076cb80000)
  object space 126464K, 13% used [0x00000006c6200000,0x00000006c731fd10,0x00000006cdd80000)
 Metaspace       used 20632K, capacity 21056K, committed 21296K, reserved 1069056K
  class space    used 2443K, capacity 2583K, committed 2688K, reserved 1048576K
}

